<?xml version="1.0" encoding="UTF-8"?>
<!-- Generated by org.testng.reporters.JUnitReportReporter -->
<testsuite hostname="DELL-C0HKRC2" failures="0" tests="1" name="pruebas.AlertTest" time="0.273" errors="0" timestamp="2021-08-06T20:37:10 ART" skipped="0">
  <testcase classname="pruebas.AlertTest" name="verAlerta3" time="0.273"/>
  <system-out/>
</testsuite> <!-- pruebas.AlertTest -->
