<?xml version="1.0" encoding="UTF-8"?>
<!-- Generated by org.testng.reporters.JUnitReportReporter -->
<testsuite hostname="DELL-C0HKRC2" failures="0" tests="3" name="pruebas.Laboratorio3_E2" time="8.775" errors="0" timestamp="2021-08-06T19:16:25 ART" skipped="0">
  <testcase classname="pruebas.Laboratorio3_E2" name="contactUs" time="2.711"/>
  <system-out/>
  <testcase classname="pruebas.Laboratorio3_E2" name="login" time="4.200"/>
  <system-out/>
  <testcase classname="pruebas.Laboratorio3_E2" name="buscarPalabra" time="1.864"/>
  <system-out/>
</testsuite> <!-- pruebas.Laboratorio3_E2 -->
