<?xml version="1.0" encoding="UTF-8"?>
<!-- Generated by org.testng.reporters.JUnitReportReporter -->
<testsuite hostname="DELL-C0HKRC2" failures="0" tests="5" name="pruebas.Laboratorio4_E1" time="49.102" errors="0" timestamp="2021-08-06T20:27:32 ART" skipped="0">
  <testcase classname="pruebas.Laboratorio4_E1" name="login" time="10.346"/>
  <system-out/>
  <testcase classname="pruebas.Laboratorio4_E1" name="login" time="10.268"/>
  <system-out/>
  <testcase classname="pruebas.Laboratorio4_E1" name="login" time="9.976"/>
  <system-out/>
  <testcase classname="pruebas.Laboratorio4_E1" name="login" time="10.188"/>
  <system-out/>
  <testcase classname="pruebas.Laboratorio4_E1" name="login" time="8.324"/>
  <system-out/>
</testsuite> <!-- pruebas.Laboratorio4_E1 -->
